<?xml version="1.0" encoding="UTF-8"?>
<testng-results ignored="1" total="16" passed="13" failed="2" skipped="0">
  <reporter-output>
  </reporter-output>
  <suite started-at="2019-04-04T01:57:07Z" name="Testng Automation Suite" finished-at="2019-04-04T01:57:08Z" duration-ms="1207">
    <groups>
      <group name="Test">
        <method signature="GoogleTest.test1()[pri:2, instance:com.testng.GoogleTest@158a8276]" name="test1" class="com.testng.GoogleTest"/>
        <method signature="GoogleTest.test2()[pri:1, instance:com.testng.GoogleTest@158a8276]" name="test2" class="com.testng.GoogleTest"/>
        <method signature="GoogleTest.test3()[pri:4, instance:com.testng.GoogleTest@158a8276]" name="test3" class="com.testng.GoogleTest"/>
      </group> <!-- Test -->
      <group name="link">
        <method signature="GoogleTest.maillinktest()[pri:3, instance:com.testng.GoogleTest@158a8276]" name="maillinktest" class="com.testng.GoogleTest"/>
      </group> <!-- link -->
      <group name="logo">
        <method signature="GoogleTest.googlelogotest()[pri:6, instance:com.testng.GoogleTest@158a8276]" name="googlelogotest" class="com.testng.GoogleTest"/>
      </group> <!-- logo -->
      <group name="title">
        <method signature="GoogleTest.googletitletest()[pri:5, instance:com.testng.GoogleTest@158a8276]" name="googletitletest" class="com.testng.GoogleTest"/>
      </group> <!-- title -->
    </groups>
    <test started-at="2019-04-04T01:57:07Z" name="Testng Test" finished-at="2019-04-04T01:57:08Z" duration-ms="1207">
      <class name="com.testng.TestngFeatures">
        <test-method signature="login()[pri:0, instance:com.testng.TestngFeatures@79d8407f]" started-at="2019-04-04T01:57:08Z" name="login" finished-at="2019-04-04T01:57:08Z" duration-ms="2" status="FAIL">
          <exception class="java.lang.ArithmeticException">
            <message>
              <![CDATA[/ by zero]]>
            </message>
            <full-stacktrace>
              <![CDATA[java.lang.ArithmeticException: / by zero
at com.testng.TestngFeatures.login(TestngFeatures.java:10)
at java.base/jdk.internal.reflect.NativeMethodAccessorImpl.invoke0(Native Method)
at java.base/jdk.internal.reflect.NativeMethodAccessorImpl.invoke(NativeMethodAccessorImpl.java:62)
at java.base/jdk.internal.reflect.DelegatingMethodAccessorImpl.invoke(DelegatingMethodAccessorImpl.java:43)
at java.base/java.lang.reflect.Method.invoke(Method.java:566)
at org.testng.internal.MethodInvocationHelper.invokeMethod(MethodInvocationHelper.java:124)
at org.testng.internal.Invoker.invokeMethod(Invoker.java:583)
at org.testng.internal.Invoker.invokeTestMethod(Invoker.java:719)
at org.testng.internal.Invoker.invokeTestMethods(Invoker.java:989)
at org.testng.internal.TestMethodWorker.invokeTestMethods(TestMethodWorker.java:125)
at org.testng.internal.TestMethodWorker.run(TestMethodWorker.java:109)
at org.testng.TestRunner.privateRun(TestRunner.java:648)
at org.testng.TestRunner.run(TestRunner.java:505)
at org.testng.SuiteRunner.runTest(SuiteRunner.java:455)
at org.testng.SuiteRunner.runSequentially(SuiteRunner.java:450)
at org.testng.SuiteRunner.privateRun(SuiteRunner.java:415)
at org.testng.SuiteRunner.run(SuiteRunner.java:364)
at org.testng.SuiteRunnerWorker.runSuite(SuiteRunnerWorker.java:52)
at org.testng.SuiteRunnerWorker.run(SuiteRunnerWorker.java:84)
at org.testng.TestNG.runSuitesSequentially(TestNG.java:1208)
at org.testng.TestNG.runSuitesLocally(TestNG.java:1137)
at org.testng.TestNG.runSuites(TestNG.java:1049)
at org.testng.TestNG.run(TestNG.java:1017)
at org.testng.remote.AbstractRemoteTestNG.run(AbstractRemoteTestNG.java:115)
at org.testng.remote.RemoteTestNG.initAndRun(RemoteTestNG.java:251)
at org.testng.remote.RemoteTestNG.main(RemoteTestNG.java:77)
]]>
            </full-stacktrace>
          </exception> <!-- java.lang.ArithmeticException -->
          <reporter-output>
          </reporter-output>
        </test-method> <!-- login -->
      </class> <!-- com.testng.TestngFeatures -->
      <class name="com.testng.ExceptionTimeouttest">
        <test-method signature="infiniteloop()[pri:0, instance:com.testng.ExceptionTimeouttest@13b6aecc]" started-at="2019-04-04T01:57:07Z" name="infiniteloop" finished-at="2019-04-04T01:57:08Z" duration-ms="1016" status="FAIL">
          <exception class="org.testng.internal.thread.ThreadTimeoutException">
            <message>
              <![CDATA[Method com.testng.ExceptionTimeouttest.infiniteloop() didn't finish within the time-out 1000]]>
            </message>
            <full-stacktrace>
              <![CDATA[org.testng.internal.thread.ThreadTimeoutException: Method com.testng.ExceptionTimeouttest.infiniteloop() didn't finish within the time-out 1000
at java.base@11.0.2/java.io.FileOutputStream.writeBytes(Native Method)
at java.base@11.0.2/java.io.FileOutputStream.write(FileOutputStream.java:354)
at java.base@11.0.2/java.io.BufferedOutputStream.flushBuffer(BufferedOutputStream.java:81)
at java.base@11.0.2/java.io.BufferedOutputStream.flush(BufferedOutputStream.java:142)
at java.base@11.0.2/java.io.PrintStream.write(PrintStream.java:561)
at java.base@11.0.2/sun.nio.cs.StreamEncoder.writeBytes(StreamEncoder.java:233)
at java.base@11.0.2/sun.nio.cs.StreamEncoder.implFlushBuffer(StreamEncoder.java:312)
at java.base@11.0.2/sun.nio.cs.StreamEncoder.flushBuffer(StreamEncoder.java:104)
at java.base@11.0.2/java.io.OutputStreamWriter.flushBuffer(OutputStreamWriter.java:184)
at java.base@11.0.2/java.io.PrintStream.write(PrintStream.java:606)
at java.base@11.0.2/java.io.PrintStream.print(PrintStream.java:676)
at java.base@11.0.2/java.io.PrintStream.println(PrintStream.java:812)
at app//com.testng.ExceptionTimeouttest.infiniteloop(ExceptionTimeouttest.java:12)
at java.base@11.0.2/jdk.internal.reflect.NativeMethodAccessorImpl.invoke0(Native Method)
at java.base@11.0.2/jdk.internal.reflect.NativeMethodAccessorImpl.invoke(NativeMethodAccessorImpl.java:62)
at java.base@11.0.2/jdk.internal.reflect.DelegatingMethodAccessorImpl.invoke(DelegatingMethodAccessorImpl.java:43)
at java.base@11.0.2/java.lang.reflect.Method.invoke(Method.java:566)
at app//org.testng.internal.MethodInvocationHelper.invokeMethod(MethodInvocationHelper.java:124)
at app//org.testng.internal.InvokeMethodRunnable.runOne(InvokeMethodRunnable.java:54)
at app//org.testng.internal.InvokeMethodRunnable.run(InvokeMethodRunnable.java:40)
at java.base@11.0.2/java.util.concurrent.Executors$RunnableAdapter.call(Executors.java:515)
at java.base@11.0.2/java.util.concurrent.FutureTask.run(FutureTask.java:264)
at java.base@11.0.2/java.util.concurrent.ThreadPoolExecutor.runWorker(ThreadPoolExecutor.java:1128)
at java.base@11.0.2/java.util.concurrent.ThreadPoolExecutor$Worker.run(ThreadPoolExecutor.java:628)
at java.base@11.0.2/java.lang.Thread.run(Thread.java:834)
]]>
            </full-stacktrace>
          </exception> <!-- org.testng.internal.thread.ThreadTimeoutException -->
          <reporter-output>
          </reporter-output>
        </test-method> <!-- infiniteloop -->
        <test-method signature="test1()[pri:0, instance:com.testng.ExceptionTimeouttest@13b6aecc]" started-at="2019-04-04T01:57:08Z" name="test1" finished-at="2019-04-04T01:57:08Z" duration-ms="4" status="PASS">
          <exception class="java.lang.NumberFormatException">
            <message>
              <![CDATA[For input string: "100A"]]>
            </message>
            <full-stacktrace>
              <![CDATA[java.lang.NumberFormatException: For input string: "100A"
at java.base/java.lang.NumberFormatException.forInputString(NumberFormatException.java:65)
at java.base/java.lang.Integer.parseInt(Integer.java:652)
at java.base/java.lang.Integer.parseInt(Integer.java:770)
at com.testng.ExceptionTimeouttest.test1(ExceptionTimeouttest.java:19)
at java.base/jdk.internal.reflect.NativeMethodAccessorImpl.invoke0(Native Method)
at java.base/jdk.internal.reflect.NativeMethodAccessorImpl.invoke(NativeMethodAccessorImpl.java:62)
at java.base/jdk.internal.reflect.DelegatingMethodAccessorImpl.invoke(DelegatingMethodAccessorImpl.java:43)
at java.base/java.lang.reflect.Method.invoke(Method.java:566)
at org.testng.internal.MethodInvocationHelper.invokeMethod(MethodInvocationHelper.java:124)
at org.testng.internal.Invoker.invokeMethod(Invoker.java:583)
at org.testng.internal.Invoker.invokeTestMethod(Invoker.java:719)
at org.testng.internal.Invoker.invokeTestMethods(Invoker.java:989)
at org.testng.internal.TestMethodWorker.invokeTestMethods(TestMethodWorker.java:125)
at org.testng.internal.TestMethodWorker.run(TestMethodWorker.java:109)
at org.testng.TestRunner.privateRun(TestRunner.java:648)
at org.testng.TestRunner.run(TestRunner.java:505)
at org.testng.SuiteRunner.runTest(SuiteRunner.java:455)
at org.testng.SuiteRunner.runSequentially(SuiteRunner.java:450)
at org.testng.SuiteRunner.privateRun(SuiteRunner.java:415)
at org.testng.SuiteRunner.run(SuiteRunner.java:364)
at org.testng.SuiteRunnerWorker.runSuite(SuiteRunnerWorker.java:52)
at org.testng.SuiteRunnerWorker.run(SuiteRunnerWorker.java:84)
at org.testng.TestNG.runSuitesSequentially(TestNG.java:1208)
at org.testng.TestNG.runSuitesLocally(TestNG.java:1137)
at org.testng.TestNG.runSuites(TestNG.java:1049)
at org.testng.TestNG.run(TestNG.java:1017)
at org.testng.remote.AbstractRemoteTestNG.run(AbstractRemoteTestNG.java:115)
at org.testng.remote.RemoteTestNG.initAndRun(RemoteTestNG.java:251)
at org.testng.remote.RemoteTestNG.main(RemoteTestNG.java:77)
]]>
            </full-stacktrace>
          </exception> <!-- java.lang.NumberFormatException -->
          <reporter-output>
          </reporter-output>
        </test-method> <!-- test1 -->
      </class> <!-- com.testng.ExceptionTimeouttest -->
      <class name="com.testng.InvocationCountTest">
        <test-method signature="sum()[pri:0, instance:com.testng.InvocationCountTest@3c3d9b6b]" started-at="2019-04-04T01:57:08Z" name="sum" finished-at="2019-04-04T01:57:08Z" duration-ms="6" status="PASS">
          <reporter-output>
          </reporter-output>
        </test-method> <!-- sum -->
        <test-method signature="sum()[pri:0, instance:com.testng.InvocationCountTest@3c3d9b6b]" started-at="2019-04-04T01:57:08Z" name="sum" finished-at="2019-04-04T01:57:08Z" duration-ms="2" status="PASS">
          <reporter-output>
          </reporter-output>
        </test-method> <!-- sum -->
        <test-method signature="sum()[pri:0, instance:com.testng.InvocationCountTest@3c3d9b6b]" started-at="2019-04-04T01:57:08Z" name="sum" finished-at="2019-04-04T01:57:08Z" duration-ms="1" status="PASS">
          <reporter-output>
          </reporter-output>
        </test-method> <!-- sum -->
        <test-method signature="sum()[pri:0, instance:com.testng.InvocationCountTest@3c3d9b6b]" started-at="2019-04-04T01:57:08Z" name="sum" finished-at="2019-04-04T01:57:08Z" duration-ms="3" status="PASS">
          <reporter-output>
          </reporter-output>
        </test-method> <!-- sum -->
        <test-method signature="sum()[pri:0, instance:com.testng.InvocationCountTest@3c3d9b6b]" started-at="2019-04-04T01:57:08Z" name="sum" finished-at="2019-04-04T01:57:08Z" duration-ms="2" status="PASS">
          <reporter-output>
          </reporter-output>
        </test-method> <!-- sum -->
        <test-method signature="sum()[pri:0, instance:com.testng.InvocationCountTest@3c3d9b6b]" started-at="2019-04-04T01:57:08Z" name="sum" finished-at="2019-04-04T01:57:08Z" duration-ms="1" status="PASS">
          <reporter-output>
          </reporter-output>
        </test-method> <!-- sum -->
        <test-method signature="sum()[pri:0, instance:com.testng.InvocationCountTest@3c3d9b6b]" started-at="2019-04-04T01:57:08Z" name="sum" finished-at="2019-04-04T01:57:08Z" duration-ms="2" status="PASS">
          <reporter-output>
          </reporter-output>
        </test-method> <!-- sum -->
        <test-method signature="sum()[pri:0, instance:com.testng.InvocationCountTest@3c3d9b6b]" started-at="2019-04-04T01:57:08Z" name="sum" finished-at="2019-04-04T01:57:08Z" duration-ms="8" status="PASS">
          <reporter-output>
          </reporter-output>
        </test-method> <!-- sum -->
        <test-method signature="sum()[pri:0, instance:com.testng.InvocationCountTest@3c3d9b6b]" started-at="2019-04-04T01:57:08Z" name="sum" finished-at="2019-04-04T01:57:08Z" duration-ms="9" status="PASS">
          <reporter-output>
          </reporter-output>
        </test-method> <!-- sum -->
        <test-method signature="sum()[pri:0, instance:com.testng.InvocationCountTest@3c3d9b6b]" started-at="2019-04-04T01:57:08Z" name="sum" finished-at="2019-04-04T01:57:08Z" duration-ms="12" status="PASS">
          <reporter-output>
          </reporter-output>
        </test-method> <!-- sum -->
      </class> <!-- com.testng.InvocationCountTest -->
      <class name="com.testng.TestngBasics">
        <test-method is-config="true" signature="setUp()[pri:0, instance:com.testng.TestngBasics@7d8704ef]" started-at="2019-04-04T01:57:07Z" name="setUp" finished-at="2019-04-04T01:57:07Z" duration-ms="16" status="PASS">
          <reporter-output>
          </reporter-output>
        </test-method> <!-- setUp -->
        <test-method is-config="true" signature="launchBrowser()[pri:0, instance:com.testng.TestngBasics@7d8704ef]" started-at="2019-04-04T01:57:07Z" name="launchBrowser" finished-at="2019-04-04T01:57:07Z" duration-ms="1" status="PASS">
          <reporter-output>
          </reporter-output>
        </test-method> <!-- launchBrowser -->
        <test-method is-config="true" signature="login()[pri:0, instance:com.testng.TestngBasics@7d8704ef]" started-at="2019-04-04T01:57:08Z" name="login" finished-at="2019-04-04T01:57:08Z" duration-ms="4" status="PASS">
          <reporter-output>
          </reporter-output>
        </test-method> <!-- login -->
        <test-method is-config="true" signature="enterURL()[pri:0, instance:com.testng.TestngBasics@7d8704ef]" started-at="2019-04-04T01:57:08Z" name="enterURL" finished-at="2019-04-04T01:57:08Z" duration-ms="5" status="PASS">
          <reporter-output>
          </reporter-output>
        </test-method> <!-- enterURL -->
        <test-method signature="googlelogotest()[pri:0, instance:com.testng.TestngBasics@7d8704ef]" started-at="2019-04-04T01:57:08Z" name="googlelogotest" finished-at="2019-04-04T01:57:08Z" duration-ms="7" status="PASS">
          <reporter-output>
          </reporter-output>
        </test-method> <!-- googlelogotest -->
        <test-method is-config="true" signature="logout()[pri:0, instance:com.testng.TestngBasics@7d8704ef]" started-at="2019-04-04T01:57:08Z" name="logout" finished-at="2019-04-04T01:57:08Z" duration-ms="2" status="PASS">
          <reporter-output>
          </reporter-output>
        </test-method> <!-- logout -->
        <test-method is-config="true" signature="enterURL()[pri:0, instance:com.testng.TestngBasics@7d8704ef]" started-at="2019-04-04T01:57:08Z" name="enterURL" finished-at="2019-04-04T01:57:08Z" duration-ms="1" status="PASS">
          <reporter-output>
          </reporter-output>
        </test-method> <!-- enterURL -->
        <test-method signature="googletitletest()[pri:0, instance:com.testng.TestngBasics@7d8704ef]" started-at="2019-04-04T01:57:08Z" name="googletitletest" finished-at="2019-04-04T01:57:08Z" duration-ms="8" status="PASS">
          <reporter-output>
          </reporter-output>
        </test-method> <!-- googletitletest -->
        <test-method is-config="true" signature="logout()[pri:0, instance:com.testng.TestngBasics@7d8704ef]" started-at="2019-04-04T01:57:08Z" name="logout" finished-at="2019-04-04T01:57:08Z" duration-ms="2" status="PASS">
          <reporter-output>
          </reporter-output>
        </test-method> <!-- logout -->
        <test-method is-config="true" signature="closebrowser()[pri:0, instance:com.testng.TestngBasics@7d8704ef]" started-at="2019-04-04T01:57:08Z" name="closebrowser" finished-at="2019-04-04T01:57:08Z" duration-ms="1" status="PASS">
          <reporter-output>
          </reporter-output>
        </test-method> <!-- closebrowser -->
        <test-method is-config="true" signature="deleteallcookies()[pri:0, instance:com.testng.TestngBasics@7d8704ef]" started-at="2019-04-04T01:57:08Z" name="deleteallcookies" finished-at="2019-04-04T01:57:08Z" duration-ms="0" status="PASS">
          <reporter-output>
          </reporter-output>
        </test-method> <!-- deleteallcookies -->
      </class> <!-- com.testng.TestngBasics -->
    </test> <!-- Testng Test -->
  </suite> <!-- Testng Automation Suite -->
</testng-results>
